NgheNhac/app/build/intermediates/manifest_merge_blame_file/debug/processDebugMainManifest/manifest-merger-blame-debug-report.txt
1<?xml version="1.0" encoding="utf-8"?>
2<manifest xmlns:android="http://schemas.android.com/apk/res/android"
3    package="com.example.nghenhac"
4    android:versionCode="1"
5    android:versionName="1.0" >
6
7    <uses-sdk
7-->INJECTED
8        android:minSdkVersion="28"
8-->INJECTED
9        android:targetSdkVersion="36" />
9-->INJECTED
10
11    <!-- ── Permissions ── -->
12    <uses-permission android:name="android.permission.INTERNET" />
12-->src\main\AndroidManifest.xml:6:5-67
12-->src\main\AndroidManifest.xml:6:22-64
13
14    <!-- Storage: READ_EXTERNAL_STORAGE for API 28-32, READ_MEDIA_AUDIO for API 33+ -->
15    <uses-permission
15-->src\main\AndroidManifest.xml:9:5-11:38
16        android:name="android.permission.READ_EXTERNAL_STORAGE"
16-->src\main\AndroidManifest.xml:10:9-64
17        android:maxSdkVersion="32" />
17-->src\main\AndroidManifest.xml:11:9-35
18    <uses-permission android:name="android.permission.READ_MEDIA_AUDIO" />
18-->src\main\AndroidManifest.xml:12:5-75
18-->src\main\AndroidManifest.xml:12:22-72
19
20    <!-- Background playback -->
21    <uses-permission android:name="android.permission.FOREGROUND_SERVICE" />
21-->src\main\AndroidManifest.xml:15:5-77
21-->src\main\AndroidManifest.xml:15:22-74
22    <uses-permission android:name="android.permission.FOREGROUND_SERVICE_MEDIA_PLAYBACK" />
22-->src\main\AndroidManifest.xml:16:5-92
22-->src\main\AndroidManifest.xml:16:22-89
23    <uses-permission android:name="android.permission.POST_NOTIFICATIONS" />
23-->src\main\AndroidManifest.xml:17:5-77
23-->src\main\AndroidManifest.xml:17:22-74
24
25    <!-- Audio focus -->
26    <uses-permission android:name="android.permission.WAKE_LOCK" />
26-->src\main\AndroidManifest.xml:20:5-68
26-->src\main\AndroidManifest.xml:20:22-65
27    <uses-permission android:name="android.permission.ACCESS_NETWORK_STATE" />
27-->[androidx.media3:media3-exoplayer:1.10.1] AndroidManifest.xml:22:5-79
27-->[androidx.media3:media3-exoplayer:1.10.1] AndroidManifest.xml:22:22-76
28    <uses-permission android:name="com.google.android.providers.gsf.permission.READ_GSERVICES" />
28-->[com.google.android.recaptcha:recaptcha:18.6.1] AndroidManifest.xml:9:5-98
28-->[com.google.android.recaptcha:recaptcha:18.6.1] AndroidManifest.xml:9:22-95
29    <uses-permission android:name="android.permission.RECEIVE_BOOT_COMPLETED" />
29-->[androidx.work:work-runtime:2.11.2] AndroidManifest.xml:25:5-81
29-->[androidx.work:work-runtime:2.11.2] AndroidManifest.xml:25:22-78
30
31    <permission
31-->[androidx.core:core:1.18.0] AndroidManifest.xml:22:5-24:47
32        android:name="com.example.nghenhac.DYNAMIC_RECEIVER_NOT_EXPORTED_PERMISSION"
32-->[androidx.core:core:1.18.0] AndroidManifest.xml:23:9-81
33        android:protectionLevel="signature" />
33-->[androidx.core:core:1.18.0] AndroidManifest.xml:24:9-44
34
35    <uses-permission android:name="com.example.nghenhac.DYNAMIC_RECEIVER_NOT_EXPORTED_PERMISSION" />
35-->[androidx.core:core:1.18.0] AndroidManifest.xml:26:5-97
35-->[androidx.core:core:1.18.0] AndroidManifest.xml:26:22-94
36
37    <application
37-->src\main\AndroidManifest.xml:22:5-85:19
38        android:name="com.example.nghenhac.NgheNhacApp"
38-->src\main\AndroidManifest.xml:23:9-36
39        android:allowBackup="true"
39-->src\main\AndroidManifest.xml:24:9-35
40        android:appComponentFactory="androidx.core.app.CoreComponentFactory"
40-->[androidx.core:core:1.18.0] AndroidManifest.xml:28:18-86
41        android:dataExtractionRules="@xml/data_extraction_rules"
41-->src\main\AndroidManifest.xml:25:9-65
42        android:debuggable="true"
43        android:extractNativeLibs="false"
43-->INJECTED
44        android:fullBackupContent="@xml/backup_rules"
44-->src\main\AndroidManifest.xml:26:9-54
45        android:icon="@mipmap/ic_launcher"
45-->src\main\AndroidManifest.xml:27:9-43
46        android:label="@string/app_name"
46-->src\main\AndroidManifest.xml:28:9-41
47        android:roundIcon="@mipmap/ic_launcher_round"
47-->src\main\AndroidManifest.xml:29:9-54
48        android:supportsRtl="true"
48-->src\main\AndroidManifest.xml:30:9-35
49        android:testOnly="true"
50        android:theme="@style/Theme.NgheNhac"
50-->src\main\AndroidManifest.xml:31:9-46
51        android:usesCleartextTraffic="true" >
51-->src\main\AndroidManifest.xml:32:9-44
52        <activity
52-->src\main\AndroidManifest.xml:34:9-42:20
53            android:name="com.example.nghenhac.MainActivity"
53-->src\main\AndroidManifest.xml:35:13-41
54            android:exported="true"
54-->src\main\AndroidManifest.xml:36:13-36
55            android:theme="@style/Theme.NgheNhac.Splash" >
55-->src\main\AndroidManifest.xml:37:13-57
56            <intent-filter>
56-->src\main\AndroidManifest.xml:38:13-41:29
57                <action android:name="android.intent.action.MAIN" />
57-->src\main\AndroidManifest.xml:39:17-69
57-->src\main\AndroidManifest.xml:39:25-66
58
59                <category android:name="android.intent.category.LAUNCHER" />
59-->src\main\AndroidManifest.xml:40:17-77
59-->src\main\AndroidManifest.xml:40:27-74
60            </intent-filter>
61        </activity>
62
63        <!-- Full-screen Player Activity -->
64        <activity
64-->src\main\AndroidManifest.xml:45:9-48:53
65            android:name="com.example.nghenhac.ui.player.PlayerActivity"
65-->src\main\AndroidManifest.xml:46:13-53
66            android:exported="false"
66-->src\main\AndroidManifest.xml:47:13-37
67            android:theme="@style/Theme.NgheNhac" />
67-->src\main\AndroidManifest.xml:48:13-50
68
69        <!-- Playlist Detail Activity -->
70        <activity
70-->src\main\AndroidManifest.xml:51:9-54:53
71            android:name="com.example.nghenhac.ui.library.PlaylistDetailActivity"
71-->src\main\AndroidManifest.xml:52:13-62
72            android:exported="false"
72-->src\main\AndroidManifest.xml:53:13-37
73            android:theme="@style/Theme.NgheNhac" />
73-->src\main\AndroidManifest.xml:54:13-50
74
75        <!-- Album Detail Activity -->
76        <activity
76-->src\main\AndroidManifest.xml:57:9-60:53
77            android:name="com.example.nghenhac.ui.library.AlbumDetailActivity"
77-->src\main\AndroidManifest.xml:58:13-59
78            android:exported="false"
78-->src\main\AndroidManifest.xml:59:13-37
79            android:theme="@style/Theme.NgheNhac" />
79-->src\main\AndroidManifest.xml:60:13-50
80
81        <!-- Login Activity -->
82        <activity
82-->src\main\AndroidManifest.xml:63:9-66:53
83            android:name="com.example.nghenhac.ui.auth.LoginActivity"
83-->src\main\AndroidManifest.xml:64:13-50
84            android:exported="false"
84-->src\main\AndroidManifest.xml:65:13-37
85            android:theme="@style/Theme.NgheNhac" />
85-->src\main\AndroidManifest.xml:66:13-50
86
87        <!-- Profile Activity -->
88        <activity
88-->src\main\AndroidManifest.xml:69:9-72:53
89            android:name="com.example.nghenhac.ui.auth.ProfileActivity"
89-->src\main\AndroidManifest.xml:70:13-52
90            android:exported="false"
90-->src\main\AndroidManifest.xml:71:13-37
91            android:theme="@style/Theme.NgheNhac" />
91-->src\main\AndroidManifest.xml:72:13-50
92
93        <!-- Music Player Service (Foreground) with Media3 Session -->
94        <service
94-->src\main\AndroidManifest.xml:75:9-83:19
95            android:name="com.example.nghenhac.service.MusicService"
95-->src\main\AndroidManifest.xml:76:13-49
96            android:exported="true"
96-->src\main\AndroidManifest.xml:77:13-36
97            android:foregroundServiceType="mediaPlayback" >
97-->src\main\AndroidManifest.xml:78:13-58
98            <intent-filter>
98-->src\main\AndroidManifest.xml:80:13-82:29
99                <action android:name="androidx.media3.session.MediaSessionService" />
99-->src\main\AndroidManifest.xml:81:17-86
99-->src\main\AndroidManifest.xml:81:25-83
100            </intent-filter>
101        </service>
102
103        <activity
103-->[com.google.firebase:firebase-auth:24.1.0] AndroidManifest.xml:29:9-46:20
104            android:name="com.google.firebase.auth.internal.GenericIdpActivity"
104-->[com.google.firebase:firebase-auth:24.1.0] AndroidManifest.xml:30:13-80
105            android:excludeFromRecents="true"
105-->[com.google.firebase:firebase-auth:24.1.0] AndroidManifest.xml:31:13-46
106            android:exported="true"
106-->[com.google.firebase:firebase-auth:24.1.0] AndroidManifest.xml:32:13-36
107            android:launchMode="singleTask"
107-->[com.google.firebase:firebase-auth:24.1.0] AndroidManifest.xml:33:13-44
108            android:theme="@android:style/Theme.Translucent.NoTitleBar" >
108-->[com.google.firebase:firebase-auth:24.1.0] AndroidManifest.xml:34:13-72
109            <intent-filter>
109-->[com.google.firebase:firebase-auth:24.1.0] AndroidManifest.xml:35:13-45:29
110                <action android:name="android.intent.action.VIEW" />
110-->[com.google.firebase:firebase-auth:24.1.0] AndroidManifest.xml:36:17-69
110-->[com.google.firebase:firebase-auth:24.1.0] AndroidManifest.xml:36:25-66
111
112                <category android:name="android.intent.category.DEFAULT" />
112-->[com.google.firebase:firebase-auth:24.1.0] AndroidManifest.xml:38:17-76
112-->[com.google.firebase:firebase-auth:24.1.0] AndroidManifest.xml:38:27-73
113                <category android:name="android.intent.category.BROWSABLE" />
113-->[com.google.firebase:firebase-auth:24.1.0] AndroidManifest.xml:39:17-78
113-->[com.google.firebase:firebase-auth:24.1.0] AndroidManifest.xml:39:27-75
114
115                <data
115-->[com.google.firebase:firebase-auth:24.1.0] AndroidManifest.xml:41:17-44:51
116                    android:host="firebase.auth"
116-->[com.google.firebase:firebase-auth:24.1.0] AndroidManifest.xml:42:21-49
117                    android:path="/"
117-->[com.google.firebase:firebase-auth:24.1.0] AndroidManifest.xml:43:21-37
118                    android:scheme="genericidp" />
118-->[com.google.firebase:firebase-auth:24.1.0] AndroidManifest.xml:44:21-48
119            </intent-filter>
120        </activity>
121        <activity
121-->[com.google.firebase:firebase-auth:24.1.0] AndroidManifest.xml:47:9-64:20
122            android:name="com.google.firebase.auth.internal.RecaptchaActivity"
122-->[com.google.firebase:firebase-auth:24.1.0] AndroidManifest.xml:48:13-79
123            android:excludeFromRecents="true"
123-->[com.google.firebase:firebase-auth:24.1.0] AndroidManifest.xml:49:13-46
124            android:exported="true"
124-->[com.google.firebase:firebase-auth:24.1.0] AndroidManifest.xml:50:13-36
125            android:launchMode="singleTask"
125-->[com.google.firebase:firebase-auth:24.1.0] AndroidManifest.xml:51:13-44
126            android:theme="@android:style/Theme.Translucent.NoTitleBar" >
126-->[com.google.firebase:firebase-auth:24.1.0] AndroidManifest.xml:52:13-72
127            <intent-filter>
127-->[com.google.firebase:firebase-auth:24.1.0] AndroidManifest.xml:53:13-63:29
128                <action android:name="android.intent.action.VIEW" />
128-->[com.google.firebase:firebase-auth:24.1.0] AndroidManifest.xml:36:17-69
128-->[com.google.firebase:firebase-auth:24.1.0] AndroidManifest.xml:36:25-66
129
130                <category android:name="android.intent.category.DEFAULT" />
130-->[com.google.firebase:firebase-auth:24.1.0] AndroidManifest.xml:38:17-76
130-->[com.google.firebase:firebase-auth:24.1.0] AndroidManifest.xml:38:27-73
131                <category android:name="android.intent.category.BROWSABLE" />
131-->[com.google.firebase:firebase-auth:24.1.0] AndroidManifest.xml:39:17-78
131-->[com.google.firebase:firebase-auth:24.1.0] AndroidManifest.xml:39:27-75
132
133                <data
133-->[com.google.firebase:firebase-auth:24.1.0] AndroidManifest.xml:41:17-44:51
134                    android:host="firebase.auth"
134-->[com.google.firebase:firebase-auth:24.1.0] AndroidManifest.xml:42:21-49
135                    android:path="/"
135-->[com.google.firebase:firebase-auth:24.1.0] AndroidManifest.xml:43:21-37
136                    android:scheme="recaptcha" />
136-->[com.google.firebase:firebase-auth:24.1.0] AndroidManifest.xml:44:21-48
137            </intent-filter>
138        </activity>
139
140        <service
140-->[com.google.firebase:firebase-auth:24.1.0] AndroidManifest.xml:66:9-72:19
141            android:name="com.google.firebase.components.ComponentDiscoveryService"
141-->[com.google.firebase:firebase-auth:24.1.0] AndroidManifest.xml:67:13-84
142            android:directBootAware="true"
142-->[com.google.firebase:firebase-common:22.0.1] AndroidManifest.xml:32:13-43
143            android:exported="false" >
143-->[com.google.firebase:firebase-auth:24.1.0] AndroidManifest.xml:68:13-37
144            <meta-data
144-->[com.google.firebase:firebase-auth:24.1.0] AndroidManifest.xml:69:13-71:85
145                android:name="com.google.firebase.components:com.google.firebase.auth.FirebaseAuthRegistrar"
145-->[com.google.firebase:firebase-auth:24.1.0] AndroidManifest.xml:70:17-109
146                android:value="com.google.firebase.components.ComponentRegistrar" />
146-->[com.google.firebase:firebase-auth:24.1.0] AndroidManifest.xml:71:17-82
147            <meta-data
147-->[com.google.firebase:firebase-database:22.0.1] AndroidManifest.xml:29:13-31:85
148                android:name="com.google.firebase.components:com.google.firebase.database.FirebaseDatabaseKtxRegistrar"
148-->[com.google.firebase:firebase-database:22.0.1] AndroidManifest.xml:30:17-120
149                android:value="com.google.firebase.components.ComponentRegistrar" />
149-->[com.google.firebase:firebase-database:22.0.1] AndroidManifest.xml:31:17-82
150            <meta-data
150-->[com.google.firebase:firebase-database:22.0.1] AndroidManifest.xml:32:13-34:85
151                android:name="com.google.firebase.components:com.google.firebase.database.DatabaseRegistrar"
151-->[com.google.firebase:firebase-database:22.0.1] AndroidManifest.xml:33:17-109
152                android:value="com.google.firebase.components.ComponentRegistrar" />
152-->[com.google.firebase:firebase-database:22.0.1] AndroidManifest.xml:34:17-82
153            <meta-data
153-->[com.google.firebase:firebase-common:22.0.1] AndroidManifest.xml:35:13-37:85
154                android:name="com.google.firebase.components:com.google.firebase.FirebaseCommonKtxRegistrar"
154-->[com.google.firebase:firebase-common:22.0.1] AndroidManifest.xml:36:17-109
155                android:value="com.google.firebase.components.ComponentRegistrar" />
155-->[com.google.firebase:firebase-common:22.0.1] AndroidManifest.xml:37:17-82
156        </service>
157        <service
157-->[androidx.credentials:credentials-play-services-auth:1.2.0-rc01] AndroidManifest.xml:24:9-32:19
158            android:name="androidx.credentials.playservices.CredentialProviderMetadataHolder"
158-->[androidx.credentials:credentials-play-services-auth:1.2.0-rc01] AndroidManifest.xml:25:13-94
159            android:enabled="true"
159-->[androidx.credentials:credentials-play-services-auth:1.2.0-rc01] AndroidManifest.xml:26:13-35
160            android:exported="false" >
160-->[androidx.credentials:credentials-play-services-auth:1.2.0-rc01] AndroidManifest.xml:27:13-37
161            <meta-data
161-->[androidx.credentials:credentials-play-services-auth:1.2.0-rc01] AndroidManifest.xml:29:13-31:104
162                android:name="androidx.credentials.CREDENTIAL_PROVIDER_KEY"
162-->[androidx.credentials:credentials-play-services-auth:1.2.0-rc01] AndroidManifest.xml:30:17-76
163                android:value="androidx.credentials.playservices.CredentialProviderPlayServicesImpl" />
163-->[androidx.credentials:credentials-play-services-auth:1.2.0-rc01] AndroidManifest.xml:31:17-101
164        </service>
165
166        <activity
166-->[androidx.credentials:credentials-play-services-auth:1.2.0-rc01] AndroidManifest.xml:34:9-41:20
167            android:name="androidx.credentials.playservices.HiddenActivity"
167-->[androidx.credentials:credentials-play-services-auth:1.2.0-rc01] AndroidManifest.xml:35:13-76
168            android:configChanges="orientation|screenSize|screenLayout|keyboardHidden"
168-->[androidx.credentials:credentials-play-services-auth:1.2.0-rc01] AndroidManifest.xml:36:13-87
169            android:enabled="true"
169-->[androidx.credentials:credentials-play-services-auth:1.2.0-rc01] AndroidManifest.xml:37:13-35
170            android:exported="false"
170-->[androidx.credentials:credentials-play-services-auth:1.2.0-rc01] AndroidManifest.xml:38:13-37
171            android:fitsSystemWindows="true"
171-->[androidx.credentials:credentials-play-services-auth:1.2.0-rc01] AndroidManifest.xml:39:13-45
172            android:theme="@style/Theme.Hidden" >
172-->[androidx.credentials:credentials-play-services-auth:1.2.0-rc01] AndroidManifest.xml:40:13-48
173        </activity>
174        <activity
174-->[com.google.android.gms:play-services-auth:20.7.0] AndroidManifest.xml:23:9-27:75
175            android:name="com.google.android.gms.auth.api.signin.internal.SignInHubActivity"
175-->[com.google.android.gms:play-services-auth:20.7.0] AndroidManifest.xml:24:13-93
176            android:excludeFromRecents="true"
176-->[com.google.android.gms:play-services-auth:20.7.0] AndroidManifest.xml:25:13-46
177            android:exported="false"
177-->[com.google.android.gms:play-services-auth:20.7.0] AndroidManifest.xml:26:13-37
178            android:theme="@android:style/Theme.Translucent.NoTitleBar" />
178-->[com.google.android.gms:play-services-auth:20.7.0] AndroidManifest.xml:27:13-72
179        <!--
180            Service handling Google Sign-In user revocation. For apps that do not integrate with
181            Google Sign-In, this service will never be started.
182        -->
183        <service
183-->[com.google.android.gms:play-services-auth:20.7.0] AndroidManifest.xml:33:9-37:51
184            android:name="com.google.android.gms.auth.api.signin.RevocationBoundService"
184-->[com.google.android.gms:play-services-auth:20.7.0] AndroidManifest.xml:34:13-89
185            android:exported="true"
185-->[com.google.android.gms:play-services-auth:20.7.0] AndroidManifest.xml:35:13-36
186            android:permission="com.google.android.gms.auth.api.signin.permission.REVOCATION_NOTIFICATION"
186-->[com.google.android.gms:play-services-auth:20.7.0] AndroidManifest.xml:36:13-107
187            android:visibleToInstantApps="true" />
187-->[com.google.android.gms:play-services-auth:20.7.0] AndroidManifest.xml:37:13-48
188
189        <provider
189-->[com.google.firebase:firebase-common:22.0.1] AndroidManifest.xml:23:9-28:39
190            android:name="com.google.firebase.provider.FirebaseInitProvider"
190-->[com.google.firebase:firebase-common:22.0.1] AndroidManifest.xml:24:13-77
191            android:authorities="com.example.nghenhac.firebaseinitprovider"
191-->[com.google.firebase:firebase-common:22.0.1] AndroidManifest.xml:25:13-72
192            android:directBootAware="true"
192-->[com.google.firebase:firebase-common:22.0.1] AndroidManifest.xml:26:13-43
193            android:exported="false"
193-->[com.google.firebase:firebase-common:22.0.1] AndroidManifest.xml:27:13-37
194            android:initOrder="100" />
194-->[com.google.firebase:firebase-common:22.0.1] AndroidManifest.xml:28:13-36
195
196        <activity
196-->[com.google.android.gms:play-services-base:18.1.0] AndroidManifest.xml:20:9-22:45
197            android:name="com.google.android.gms.common.api.GoogleApiActivity"
197-->[com.google.android.gms:play-services-base:18.1.0] AndroidManifest.xml:20:19-85
198            android:exported="false"
198-->[com.google.android.gms:play-services-base:18.1.0] AndroidManifest.xml:22:19-43
199            android:theme="@android:style/Theme.Translucent.NoTitleBar" />
199-->[com.google.android.gms:play-services-base:18.1.0] AndroidManifest.xml:21:19-78
200
201        <provider
201-->[androidx.work:work-runtime:2.11.2] AndroidManifest.xml:29:9-37:20
202            android:name="androidx.startup.InitializationProvider"
202-->[androidx.work:work-runtime:2.11.2] AndroidManifest.xml:30:13-67
203            android:authorities="com.example.nghenhac.androidx-startup"
203-->[androidx.work:work-runtime:2.11.2] AndroidManifest.xml:31:13-68
204            android:exported="false" >
204-->[androidx.work:work-runtime:2.11.2] AndroidManifest.xml:32:13-37
205            <meta-data
205-->[androidx.work:work-runtime:2.11.2] AndroidManifest.xml:34:13-36:52
206                android:name="androidx.work.WorkManagerInitializer"
206-->[androidx.work:work-runtime:2.11.2] AndroidManifest.xml:35:17-68
207                android:value="androidx.startup" />
207-->[androidx.work:work-runtime:2.11.2] AndroidManifest.xml:36:17-49
208            <meta-data
208-->[androidx.emoji2:emoji2:1.3.0] AndroidManifest.xml:29:13-31:52
209                android:name="androidx.emoji2.text.EmojiCompatInitializer"
209-->[androidx.emoji2:emoji2:1.3.0] AndroidManifest.xml:30:17-75
210                android:value="androidx.startup" />
210-->[androidx.emoji2:emoji2:1.3.0] AndroidManifest.xml:31:17-49
211            <meta-data
211-->[androidx.lifecycle:lifecycle-process:2.10.0] AndroidManifest.xml:29:13-31:52
212                android:name="androidx.lifecycle.ProcessLifecycleInitializer"
212-->[androidx.lifecycle:lifecycle-process:2.10.0] AndroidManifest.xml:30:17-78
213                android:value="androidx.startup" />
213-->[androidx.lifecycle:lifecycle-process:2.10.0] AndroidManifest.xml:31:17-49
214            <meta-data
214-->[androidx.profileinstaller:profileinstaller:1.4.0] AndroidManifest.xml:29:13-31:52
215                android:name="androidx.profileinstaller.ProfileInstallerInitializer"
215-->[androidx.profileinstaller:profileinstaller:1.4.0] AndroidManifest.xml:30:17-85
216                android:value="androidx.startup" />
216-->[androidx.profileinstaller:profileinstaller:1.4.0] AndroidManifest.xml:31:17-49
217        </provider>
218
219        <service
219-->[androidx.work:work-runtime:2.11.2] AndroidManifest.xml:39:9-45:35
220            android:name="androidx.work.impl.background.systemjob.SystemJobService"
220-->[androidx.work:work-runtime:2.11.2] AndroidManifest.xml:40:13-84
221            android:directBootAware="false"
221-->[androidx.work:work-runtime:2.11.2] AndroidManifest.xml:41:13-44
222            android:enabled="@bool/enable_system_job_service_default"
222-->[androidx.work:work-runtime:2.11.2] AndroidManifest.xml:42:13-70
223            android:exported="true"
223-->[androidx.work:work-runtime:2.11.2] AndroidManifest.xml:43:13-36
224            android:permission="android.permission.BIND_JOB_SERVICE" />
224-->[androidx.work:work-runtime:2.11.2] AndroidManifest.xml:44:13-69
225        <service
225-->[androidx.work:work-runtime:2.11.2] AndroidManifest.xml:46:9-52:35
226            android:name="androidx.work.impl.foreground.SystemForegroundService"
226-->[androidx.work:work-runtime:2.11.2] AndroidManifest.xml:47:13-81
227            android:directBootAware="false"
227-->[androidx.work:work-runtime:2.11.2] AndroidManifest.xml:48:13-44
228            android:enabled="@bool/enable_system_foreground_service_default"
228-->[androidx.work:work-runtime:2.11.2] AndroidManifest.xml:49:13-77
229            android:exported="false" />
229-->[androidx.work:work-runtime:2.11.2] AndroidManifest.xml:50:13-37
230
231        <receiver
231-->[androidx.work:work-runtime:2.11.2] AndroidManifest.xml:54:9-59:35
232            android:name="androidx.work.impl.utils.ForceStopRunnable$BroadcastReceiver"
232-->[androidx.work:work-runtime:2.11.2] AndroidManifest.xml:55:13-88
233            android:directBootAware="false"
233-->[androidx.work:work-runtime:2.11.2] AndroidManifest.xml:56:13-44
234            android:enabled="true"
234-->[androidx.work:work-runtime:2.11.2] AndroidManifest.xml:57:13-35
235            android:exported="false" />
235-->[androidx.work:work-runtime:2.11.2] AndroidManifest.xml:58:13-37
236        <receiver
236-->[androidx.work:work-runtime:2.11.2] AndroidManifest.xml:60:9-69:20
237            android:name="androidx.work.impl.background.systemalarm.RescheduleReceiver"
237-->[androidx.work:work-runtime:2.11.2] AndroidManifest.xml:61:13-88
238            android:directBootAware="false"
238-->[androidx.work:work-runtime:2.11.2] AndroidManifest.xml:62:13-44
239            android:enabled="false"
239-->[androidx.work:work-runtime:2.11.2] AndroidManifest.xml:63:13-36
240            android:exported="false" >
240-->[androidx.work:work-runtime:2.11.2] AndroidManifest.xml:64:13-37
241            <intent-filter>
241-->[androidx.work:work-runtime:2.11.2] AndroidManifest.xml:66:13-68:29
242                <action android:name="android.intent.action.BOOT_COMPLETED" />
242-->[androidx.work:work-runtime:2.11.2] AndroidManifest.xml:67:17-79
242-->[androidx.work:work-runtime:2.11.2] AndroidManifest.xml:67:25-76
243            </intent-filter>
244        </receiver>
245        <receiver
245-->[androidx.work:work-runtime:2.11.2] AndroidManifest.xml:70:9-80:20
246            android:name="androidx.work.impl.diagnostics.DiagnosticsReceiver"
246-->[androidx.work:work-runtime:2.11.2] AndroidManifest.xml:71:13-78
247            android:directBootAware="false"
247-->[androidx.work:work-runtime:2.11.2] AndroidManifest.xml:72:13-44
248            android:enabled="true"
248-->[androidx.work:work-runtime:2.11.2] AndroidManifest.xml:73:13-35
249            android:exported="true"
249-->[androidx.work:work-runtime:2.11.2] AndroidManifest.xml:74:13-36
250            android:permission="android.permission.DUMP" >
250-->[androidx.work:work-runtime:2.11.2] AndroidManifest.xml:75:13-57
251            <intent-filter>
251-->[androidx.work:work-runtime:2.11.2] AndroidManifest.xml:77:13-79:29
252                <action android:name="androidx.work.diagnostics.REQUEST_DIAGNOSTICS" />
252-->[androidx.work:work-runtime:2.11.2] AndroidManifest.xml:78:17-88
252-->[androidx.work:work-runtime:2.11.2] AndroidManifest.xml:78:25-85
253            </intent-filter>
254        </receiver>
255
256        <service
256-->[androidx.room:room-runtime-android:2.8.4] AndroidManifest.xml:24:9-28:63
257            android:name="androidx.room.MultiInstanceInvalidationService"
257-->[androidx.room:room-runtime-android:2.8.4] AndroidManifest.xml:25:13-74
258            android:directBootAware="true"
258-->[androidx.room:room-runtime-android:2.8.4] AndroidManifest.xml:26:13-43
259            android:exported="false" />
259-->[androidx.room:room-runtime-android:2.8.4] AndroidManifest.xml:27:13-37
260
261        <uses-library
261-->[androidx.window:window:1.0.0] AndroidManifest.xml:25:9-27:40
262            android:name="androidx.window.extensions"
262-->[androidx.window:window:1.0.0] AndroidManifest.xml:26:13-54
263            android:required="false" />
263-->[androidx.window:window:1.0.0] AndroidManifest.xml:27:13-37
264        <uses-library
264-->[androidx.window:window:1.0.0] AndroidManifest.xml:28:9-30:40
265            android:name="androidx.window.sidecar"
265-->[androidx.window:window:1.0.0] AndroidManifest.xml:29:13-51
266            android:required="false" />
266-->[androidx.window:window:1.0.0] AndroidManifest.xml:30:13-37
267
268        <receiver
268-->[androidx.profileinstaller:profileinstaller:1.4.0] AndroidManifest.xml:34:9-52:20
269            android:name="androidx.profileinstaller.ProfileInstallReceiver"
269-->[androidx.profileinstaller:profileinstaller:1.4.0] AndroidManifest.xml:35:13-76
270            android:directBootAware="false"
270-->[androidx.profileinstaller:profileinstaller:1.4.0] AndroidManifest.xml:36:13-44
271            android:enabled="true"
271-->[androidx.profileinstaller:profileinstaller:1.4.0] AndroidManifest.xml:37:13-35
272            android:exported="true"
272-->[androidx.profileinstaller:profileinstaller:1.4.0] AndroidManifest.xml:38:13-36
273            android:permission="android.permission.DUMP" >
273-->[androidx.profileinstaller:profileinstaller:1.4.0] AndroidManifest.xml:39:13-57
274            <intent-filter>
274-->[androidx.profileinstaller:profileinstaller:1.4.0] AndroidManifest.xml:40:13-42:29
275                <action android:name="androidx.profileinstaller.action.INSTALL_PROFILE" />
275-->[androidx.profileinstaller:profileinstaller:1.4.0] AndroidManifest.xml:41:17-91
275-->[androidx.profileinstaller:profileinstaller:1.4.0] AndroidManifest.xml:41:25-88
276            </intent-filter>
277            <intent-filter>
277-->[androidx.profileinstaller:profileinstaller:1.4.0] AndroidManifest.xml:43:13-45:29
278                <action android:name="androidx.profileinstaller.action.SKIP_FILE" />
278-->[androidx.profileinstaller:profileinstaller:1.4.0] AndroidManifest.xml:44:17-85
278-->[androidx.profileinstaller:profileinstaller:1.4.0] AndroidManifest.xml:44:25-82
279            </intent-filter>
280            <intent-filter>
280-->[androidx.profileinstaller:profileinstaller:1.4.0] AndroidManifest.xml:46:13-48:29
281                <action android:name="androidx.profileinstaller.action.SAVE_PROFILE" />
281-->[androidx.profileinstaller:profileinstaller:1.4.0] AndroidManifest.xml:47:17-88
281-->[androidx.profileinstaller:profileinstaller:1.4.0] AndroidManifest.xml:47:25-85
282            </intent-filter>
283            <intent-filter>
283-->[androidx.profileinstaller:profileinstaller:1.4.0] AndroidManifest.xml:49:13-51:29
284                <action android:name="androidx.profileinstaller.action.BENCHMARK_OPERATION" />
284-->[androidx.profileinstaller:profileinstaller:1.4.0] AndroidManifest.xml:50:17-95
284-->[androidx.profileinstaller:profileinstaller:1.4.0] AndroidManifest.xml:50:25-92
285            </intent-filter>
286        </receiver>
287
288        <meta-data
288-->[com.google.android.gms:play-services-basement:18.9.0] AndroidManifest.xml:21:9-23:69
289            android:name="com.google.android.gms.version"